{"/Users/angieroa/Documents/MISO/Modernización/MISW4410-EPorra/frontend/src/App.jsx": {"path":"/Users/angieroa/Documents/MISO/Modernización/MISW4410-EPorra/frontend/src/App.jsx","all":false,"statementMap":{"0":{"start":{"line":1,"column":0},"end":{"line":1,"column":29}},"1":{"start":{"line":2,"column":0},"end":{"line":2,"column":46}},"2":{"start":{"line":3,"column":0},"end":{"line":3,"column":64}},"3":{"start":{"line":4,"column":0},"end":{"line":4,"column":51}},"4":{"start":{"line":5,"column":0},"end":{"line":5,"column":40}},"5":{"start":{"line":6,"column":0},"end":{"line":6,"column":44}},"6":{"start":{"line":7,"column":0},"end":{"line":7,"column":54}},"8":{"start":{"line":9,"column":0},"end":{"line":9,"column":26}},"9":{"start":{"line":10,"column":0},"end":{"line":10,"column":70}},"11":{"start":{"line":12,"column":0},"end":{"line":12,"column":10}},"12":{"start":{"line":13,"column":0},"end":{"line":13,"column":57}},"13":{"start":{"line":14,"column":0},"end":{"line":14,"column":18}},"14":{"start":{"line":15,"column":0},"end":{"line":15,"column":25}},"15":{"start":{"line":16,"column":0},"end":{"line":16,"column":32}},"16":{"start":{"line":17,"column":0},"end":{"line":17,"column":35}},"17":{"start":{"line":18,"column":0},"end":{"line":18,"column":36}},"18":{"start":{"line":19,"column":0},"end":{"line":19,"column":8}},"19":{"start":{"line":20,"column":0},"end":{"line":20,"column":61}},"20":{"start":{"line":21,"column":0},"end":{"line":21,"column":16}},"21":{"start":{"line":22,"column":0},"end":{"line":22,"column":51}},"22":{"start":{"line":23,"column":0},"end":{"line":23,"column":59}},"23":{"start":{"line":24,"column":0},"end":{"line":24,"column":17}},"24":{"start":{"line":25,"column":0},"end":{"line":25,"column":12}},"25":{"start":{"line":26,"column":0},"end":{"line":26,"column":10}},"27":{"start":{"line":28,"column":0},"end":{"line":28,"column":1}},"29":{"start":{"line":30,"column":0},"end":{"line":30,"column":16}},"30":{"start":{"line":31,"column":0},"end":{"line":31,"column":10}},"31":{"start":{"line":32,"column":0},"end":{"line":32,"column":19}},"32":{"start":{"line":33,"column":0},"end":{"line":33,"column":23}},"33":{"start":{"line":34,"column":0},"end":{"line":34,"column":20}},"35":{"start":{"line":36,"column":0},"end":{"line":36,"column":1}},"37":{"start":{"line":38,"column":0},"end":{"line":38,"column":19}}},"s":{"0":1,"1":1,"2":1,"3":1,"4":1,"5":1,"6":1,"8":11,"9":11,"11":11,"12":11,"13":11,"14":11,"15":11,"16":11,"17":11,"18":11,"19":11,"20":11,"21":11,"22":11,"23":11,"24":11,"25":11,"27":11,"29":9,"30":9,"31":9,"32":9,"33":9,"35":9,"37":1},"branchMap":{"0":{"type":"branch","line":9,"loc":{"start":{"line":9,"column":0},"end":{"line":28,"column":1}},"locations":[{"start":{"line":9,"column":0},"end":{"line":28,"column":1}}]},"1":{"type":"branch","line":30,"loc":{"start":{"line":30,"column":0},"end":{"line":36,"column":1}},"locations":[{"start":{"line":30,"column":0},"end":{"line":36,"column":1}}]}},"b":{"0":[11],"1":[9]},"fnMap":{"0":{"name":"AppWithRouter","decl":{"start":{"line":9,"column":0},"end":{"line":28,"column":1}},"loc":{"start":{"line":9,"column":0},"end":{"line":28,"column":1}},"line":9},"1":{"name":"App","decl":{"start":{"line":30,"column":0},"end":{"line":36,"column":1}},"loc":{"start":{"line":30,"column":0},"end":{"line":36,"column":1}},"line":30}},"f":{"0":11,"1":9}}
,"/Users/angieroa/Documents/MISO/Modernización/MISW4410-EPorra/frontend/src/components/AddList/index.jsx": {"path":"/Users/angieroa/Documents/MISO/Modernización/MISW4410-EPorra/frontend/src/components/AddList/index.jsx","all":false,"statementMap":{"0":{"start":{"line":1,"column":0},"end":{"line":1,"column":33}},"1":{"start":{"line":2,"column":0},"end":{"line":2,"column":43}},"2":{"start":{"line":3,"column":0},"end":{"line":3,"column":41}},"3":{"start":{"line":4,"column":0},"end":{"line":4,"column":41}},"4":{"start":{"line":5,"column":0},"end":{"line":5,"column":23}},"5":{"start":{"line":6,"column":0},"end":{"line":6,"column":35}},"7":{"start":{"line":8,"column":0},"end":{"line":8,"column":18}},"8":{"start":{"line":9,"column":0},"end":{"line":9,"column":8}},"9":{"start":{"line":10,"column":0},"end":{"line":10,"column":13}},"10":{"start":{"line":11,"column":0},"end":{"line":11,"column":14}},"11":{"start":{"line":12,"column":0},"end":{"line":12,"column":17}},"12":{"start":{"line":13,"column":0},"end":{"line":13,"column":18}},"13":{"start":{"line":14,"column":0},"end":{"line":14,"column":15}},"14":{"start":{"line":15,"column":0},"end":{"line":15,"column":4}},"15":{"start":{"line":16,"column":0},"end":{"line":16,"column":54}},"16":{"start":{"line":17,"column":0},"end":{"line":17,"column":61}},"17":{"start":{"line":18,"column":0},"end":{"line":18,"column":63}},"18":{"start":{"line":19,"column":0},"end":{"line":19,"column":39}},"20":{"start":{"line":21,"column":0},"end":{"line":21,"column":32}},"21":{"start":{"line":22,"column":0},"end":{"line":22,"column":24}},"22":{"start":{"line":23,"column":0},"end":{"line":23,"column":27}},"23":{"start":{"line":24,"column":0},"end":{"line":24,"column":28}},"24":{"start":{"line":25,"column":0},"end":{"line":25,"column":4}},"26":{"start":{"line":27,"column":0},"end":{"line":27,"column":30}},"27":{"start":{"line":28,"column":0},"end":{"line":28,"column":25}},"28":{"start":{"line":29,"column":0},"end":{"line":29,"column":27}},"29":{"start":{"line":30,"column":0},"end":{"line":30,"column":28}},"30":{"start":{"line":31,"column":0},"end":{"line":31,"column":4}},"32":{"start":{"line":33,"column":0},"end":{"line":33,"column":28}},"33":{"start":{"line":34,"column":0},"end":{"line":34,"column":74}},"34":{"start":{"line":35,"column":0},"end":{"line":35,"column":71}},"35":{"start":{"line":36,"column":0},"end":{"line":36,"column":23}},"36":{"start":{"line":37,"column":0},"end":{"line":37,"column":27}},"37":{"start":{"line":38,"column":0},"end":{"line":38,"column":29}},"38":{"start":{"line":39,"column":0},"end":{"line":39,"column":30}},"40":{"start":{"line":41,"column":0},"end":{"line":41,"column":25}},"41":{"start":{"line":42,"column":0},"end":{"line":42,"column":30}},"42":{"start":{"line":43,"column":0},"end":{"line":43,"column":7}},"43":{"start":{"line":44,"column":0},"end":{"line":44,"column":5}},"44":{"start":{"line":45,"column":0},"end":{"line":45,"column":4}},"46":{"start":{"line":47,"column":0},"end":{"line":47,"column":36}},"47":{"start":{"line":48,"column":0},"end":{"line":48,"column":60}},"48":{"start":{"line":49,"column":0},"end":{"line":49,"column":21}},"49":{"start":{"line":50,"column":0},"end":{"line":50,"column":23}},"50":{"start":{"line":51,"column":0},"end":{"line":51,"column":28}},"51":{"start":{"line":52,"column":0},"end":{"line":52,"column":5}},"52":{"start":{"line":53,"column":0},"end":{"line":53,"column":4}},"54":{"start":{"line":55,"column":0},"end":{"line":55,"column":10}},"55":{"start":{"line":56,"column":0},"end":{"line":56,"column":40}},"56":{"start":{"line":57,"column":0},"end":{"line":57,"column":49}},"57":{"start":{"line":58,"column":0},"end":{"line":58,"column":57}},"58":{"start":{"line":59,"column":0},"end":{"line":59,"column":25}},"59":{"start":{"line":60,"column":0},"end":{"line":60,"column":23}},"60":{"start":{"line":61,"column":0},"end":{"line":61,"column":36}},"61":{"start":{"line":62,"column":0},"end":{"line":62,"column":31}},"62":{"start":{"line":63,"column":0},"end":{"line":63,"column":41}},"64":{"start":{"line":65,"column":0},"end":{"line":65,"column":45}},"65":{"start":{"line":66,"column":0},"end":{"line":66,"column":25}},"67":{"start":{"line":68,"column":0},"end":{"line":68,"column":12}},"68":{"start":{"line":69,"column":0},"end":{"line":69,"column":22}},"69":{"start":{"line":70,"column":0},"end":{"line":70,"column":45}},"70":{"start":{"line":71,"column":0},"end":{"line":71,"column":53}},"71":{"start":{"line":72,"column":0},"end":{"line":72,"column":24}},"72":{"start":{"line":73,"column":0},"end":{"line":73,"column":35}},"73":{"start":{"line":74,"column":0},"end":{"line":74,"column":32}},"74":{"start":{"line":75,"column":0},"end":{"line":75,"column":37}},"75":{"start":{"line":76,"column":0},"end":{"line":76,"column":66}},"76":{"start":{"line":77,"column":0},"end":{"line":77,"column":65}},"77":{"start":{"line":78,"column":0},"end":{"line":78,"column":14}},"78":{"start":{"line":79,"column":0},"end":{"line":79,"column":24}},"79":{"start":{"line":80,"column":0},"end":{"line":80,"column":36}},"80":{"start":{"line":81,"column":0},"end":{"line":81,"column":33}},"81":{"start":{"line":82,"column":0},"end":{"line":82,"column":38}},"82":{"start":{"line":83,"column":0},"end":{"line":83,"column":67}},"83":{"start":{"line":84,"column":0},"end":{"line":84,"column":66}},"84":{"start":{"line":85,"column":0},"end":{"line":85,"column":14}},"85":{"start":{"line":86,"column":0},"end":{"line":86,"column":16}},"86":{"start":{"line":87,"column":0},"end":{"line":87,"column":54}},"87":{"start":{"line":88,"column":0},"end":{"line":88,"column":25}},"88":{"start":{"line":89,"column":0},"end":{"line":89,"column":34}},"89":{"start":{"line":90,"column":0},"end":{"line":90,"column":31}},"90":{"start":{"line":91,"column":0},"end":{"line":91,"column":45}},"92":{"start":{"line":93,"column":0},"end":{"line":93,"column":48}},"93":{"start":{"line":94,"column":0},"end":{"line":94,"column":27}},"94":{"start":{"line":95,"column":0},"end":{"line":95,"column":25}},"95":{"start":{"line":96,"column":0},"end":{"line":96,"column":36}},"96":{"start":{"line":97,"column":0},"end":{"line":97,"column":33}},"97":{"start":{"line":98,"column":0},"end":{"line":98,"column":45}},"99":{"start":{"line":100,"column":0},"end":{"line":100,"column":44}},"100":{"start":{"line":101,"column":0},"end":{"line":101,"column":27}},"101":{"start":{"line":102,"column":0},"end":{"line":102,"column":16}},"102":{"start":{"line":103,"column":0},"end":{"line":103,"column":14}},"104":{"start":{"line":105,"column":0},"end":{"line":105,"column":27}},"105":{"start":{"line":106,"column":0},"end":{"line":106,"column":50}},"106":{"start":{"line":107,"column":0},"end":{"line":107,"column":22}},"107":{"start":{"line":108,"column":0},"end":{"line":108,"column":47}},"108":{"start":{"line":109,"column":0},"end":{"line":109,"column":38}},"109":{"start":{"line":110,"column":0},"end":{"line":110,"column":48}},"110":{"start":{"line":111,"column":0},"end":{"line":111,"column":50}},"111":{"start":{"line":112,"column":0},"end":{"line":112,"column":16}},"112":{"start":{"line":113,"column":0},"end":{"line":113,"column":22}},"113":{"start":{"line":114,"column":0},"end":{"line":114,"column":15}},"114":{"start":{"line":115,"column":0},"end":{"line":115,"column":30}},"115":{"start":{"line":116,"column":0},"end":{"line":116,"column":63}},"116":{"start":{"line":117,"column":0},"end":{"line":117,"column":36}},"117":{"start":{"line":118,"column":0},"end":{"line":118,"column":16}},"118":{"start":{"line":119,"column":0},"end":{"line":119,"column":14}},"119":{"start":{"line":120,"column":0},"end":{"line":120,"column":12}},"120":{"start":{"line":121,"column":0},"end":{"line":121,"column":14}},"122":{"start":{"line":123,"column":0},"end":{"line":123,"column":10}},"124":{"start":{"line":125,"column":0},"end":{"line":125,"column":1}},"126":{"start":{"line":127,"column":0},"end":{"line":127,"column":21}},"127":{"start":{"line":128,"column":0},"end":{"line":128,"column":37}},"128":{"start":{"line":129,"column":0},"end":{"line":129,"column":42}},"129":{"start":{"line":130,"column":0},"end":{"line":130,"column":43}},"130":{"start":{"line":131,"column":0},"end":{"line":131,"column":35}},"131":{"start":{"line":132,"column":0},"end":{"line":132,"column":36}},"132":{"start":{"line":133,"column":0},"end":{"line":133,"column":31}},"133":{"start":{"line":134,"column":0},"end":{"line":134,"column":2}},"135":{"start":{"line":136,"column":0},"end":{"line":136,"column":24}},"136":{"start":{"line":137,"column":0},"end":{"line":137,"column":24}},"137":{"start":{"line":138,"column":0},"end":{"line":138,"column":25}},"138":{"start":{"line":139,"column":0},"end":{"line":139,"column":25}},"139":{"start":{"line":140,"column":0},"end":{"line":140,"column":26}},"140":{"start":{"line":141,"column":0},"end":{"line":141,"column":2}},"142":{"start":{"line":143,"column":0},"end":{"line":143,"column":23}}},"s":{"0":1,"1":1,"2":1,"3":1,"4":1,"5":1,"7":50,"8":50,"9":50,"10":50,"11":50,"12":50,"13":50,"14":50,"15":50,"16":50,"17":50,"18":50,"20":50,"21":9,"22":9,"23":9,"24":9,"26":50,"27":1,"28":1,"29":1,"30":1,"32":50,"33":7,"34":7,"35":7,"36":7,"37":7,"38":7,"40":7,"41":7,"42":7,"43":7,"44":7,"46":50,"47":1,"48":1,"49":1,"50":1,"51":1,"52":1,"54":50,"55":50,"56":50,"57":50,"58":50,"59":27,"60":27,"61":27,"62":27,"64":27,"65":27,"67":50,"68":50,"69":23,"70":23,"71":23,"72":23,"73":23,"74":23,"75":23,"76":23,"77":23,"78":23,"79":23,"80":23,"81":23,"82":23,"83":23,"84":23,"85":23,"86":23,"87":23,"88":23,"89":23,"90":23,"92":23,"93":23,"94":23,"95":23,"96":23,"97":23,"99":23,"100":23,"101":23,"102":23,"104":50,"105":8,"106":8,"107":8,"108":8,"109":8,"110":8,"111":8,"112":8,"113":8,"114":8,"115":8,"116":8,"117":8,"118":8,"119":8,"120":8,"122":50,"124":50,"126":1,"127":1,"128":1,"129":1,"130":1,"131":1,"132":1,"133":1,"135":1,"136":1,"137":1,"138":1,"139":1,"140":1,"142":1},"branchMap":{"0":{"type":"branch","line":8,"loc":{"start":{"line":8,"column":0},"end":{"line":125,"column":1}},"locations":[{"start":{"line":8,"column":0},"end":{"line":125,"column":1}}]},"1":{"type":"branch","line":59,"loc":{"start":{"line":59,"column":10},"end":{"line":66,"column":25}},"locations":[{"start":{"line":59,"column":10},"end":{"line":66,"column":25}}]},"2":{"type":"branch","line":69,"loc":{"start":{"line":69,"column":7},"end":{"line":103,"column":14}},"locations":[{"start":{"line":69,"column":7},"end":{"line":103,"column":14}}]},"3":{"type":"branch","line":105,"loc":{"start":{"line":105,"column":21},"end":{"line":121,"column":14}},"locations":[{"start":{"line":105,"column":21},"end":{"line":121,"column":14}}]},"4":{"type":"branch","line":21,"loc":{"start":{"line":21,"column":25},"end":{"line":25,"column":4}},"locations":[{"start":{"line":21,"column":25},"end":{"line":25,"column":4}}]},"5":{"type":"branch","line":27,"loc":{"start":{"line":27,"column":23},"end":{"line":31,"column":4}},"locations":[{"start":{"line":27,"column":23},"end":{"line":31,"column":4}}]},"6":{"type":"branch","line":33,"loc":{"start":{"line":33,"column":21},"end":{"line":45,"column":4}},"locations":[{"start":{"line":33,"column":21},"end":{"line":45,"column":4}}]},"7":{"type":"branch","line":47,"loc":{"start":{"line":47,"column":23},"end":{"line":53,"column":4}},"locations":[{"start":{"line":47,"column":23},"end":{"line":53,"column":4}}]},"8":{"type":"branch","line":48,"loc":{"start":{"line":48,"column":32},"end":{"line":48,"column":58}},"locations":[{"start":{"line":48,"column":32},"end":{"line":48,"column":58}}]},"9":{"type":"branch","line":76,"loc":{"start":{"line":76,"column":24},"end":{"line":76,"column":66}},"locations":[{"start":{"line":76,"column":24},"end":{"line":76,"column":66}}]},"10":{"type":"branch","line":83,"loc":{"start":{"line":83,"column":24},"end":{"line":83,"column":67}},"locations":[{"start":{"line":83,"column":24},"end":{"line":83,"column":67}}]},"11":{"type":"branch","line":109,"loc":{"start":{"line":109,"column":27},"end":{"line":112,"column":14}},"locations":[{"start":{"line":109,"column":27},"end":{"line":112,"column":14}}]},"12":{"type":"branch","line":116,"loc":{"start":{"line":116,"column":25},"end":{"line":116,"column":63}},"locations":[{"start":{"line":116,"column":25},"end":{"line":116,"column":63}}]}},"b":{"0":[50],"1":[27],"2":[23],"3":[8],"4":[9],"5":[1],"6":[7],"7":[1],"8":[1],"9":[7],"10":[7],"11":[8],"12":[1]},"fnMap":{"0":{"name":"AddList","decl":{"start":{"line":8,"column":0},"end":{"line":125,"column":1}},"loc":{"start":{"line":8,"column":0},"end":{"line":125,"column":1}},"line":8},"1":{"name":"handleAddClick","decl":{"start":{"line":21,"column":25},"end":{"line":25,"column":4}},"loc":{"start":{"line":21,"column":25},"end":{"line":25,"column":4}},"line":21},"2":{"name":"handleCancel","decl":{"start":{"line":27,"column":23},"end":{"line":31,"column":4}},"loc":{"start":{"line":27,"column":23},"end":{"line":31,"column":4}},"line":27},"3":{"name":"handleSave","decl":{"start":{"line":33,"column":21},"end":{"line":45,"column":4}},"loc":{"start":{"line":33,"column":21},"end":{"line":45,"column":4}},"line":33},"4":{"name":"handleDelete","decl":{"start":{"line":47,"column":23},"end":{"line":53,"column":4}},"loc":{"start":{"line":47,"column":23},"end":{"line":53,"column":4}},"line":47},"5":{"name":"onChange","decl":{"start":{"line":76,"column":24},"end":{"line":76,"column":66}},"loc":{"start":{"line":76,"column":24},"end":{"line":76,"column":66}},"line":76},"6":{"name":"onChange","decl":{"start":{"line":83,"column":24},"end":{"line":83,"column":67}},"loc":{"start":{"line":83,"column":24},"end":{"line":83,"column":67}},"line":83},"7":{"name":"onClick","decl":{"start":{"line":116,"column":25},"end":{"line":116,"column":63}},"loc":{"start":{"line":116,"column":25},"end":{"line":116,"column":63}},"line":116}},"f":{"0":50,"1":9,"2":1,"3":7,"4":1,"5":7,"6":7,"7":1}}
,"/Users/angieroa/Documents/MISO/Modernización/MISW4410-EPorra/frontend/src/components/CustomButton/index.jsx": {"path":"/Users/angieroa/Documents/MISO/Modernización/MISW4410-EPorra/frontend/src/components/CustomButton/index.jsx","all":false,"statementMap":{"0":{"start":{"line":1,"column":0},"end":{"line":1,"column":44}},"1":{"start":{"line":2,"column":0},"end":{"line":2,"column":35}},"2":{"start":{"line":3,"column":0},"end":{"line":3,"column":28}},"4":{"start":{"line":5,"column":0},"end":{"line":5,"column":76}},"5":{"start":{"line":6,"column":0},"end":{"line":6,"column":76}},"7":{"start":{"line":8,"column":0},"end":{"line":8,"column":10}},"8":{"start":{"line":9,"column":0},"end":{"line":9,"column":74}},"9":{"start":{"line":10,"column":0},"end":{"line":10,"column":16}},"10":{"start":{"line":11,"column":0},"end":{"line":11,"column":13}},"12":{"start":{"line":13,"column":0},"end":{"line":13,"column":1}},"14":{"start":{"line":15,"column":0},"end":{"line":15,"column":26}},"15":{"start":{"line":16,"column":0},"end":{"line":16,"column":38}},"16":{"start":{"line":17,"column":0},"end":{"line":17,"column":37}},"17":{"start":{"line":18,"column":0},"end":{"line":18,"column":53}},"18":{"start":{"line":19,"column":0},"end":{"line":19,"column":30}},"19":{"start":{"line":20,"column":0},"end":{"line":20,"column":27}},"20":{"start":{"line":21,"column":0},"end":{"line":21,"column":2}},"22":{"start":{"line":23,"column":0},"end":{"line":23,"column":29}},"23":{"start":{"line":24,"column":0},"end":{"line":24,"column":21}},"24":{"start":{"line":25,"column":0},"end":{"line":25,"column":18}},"25":{"start":{"line":26,"column":0},"end":{"line":26,"column":2}},"27":{"start":{"line":28,"column":0},"end":{"line":28,"column":28}}},"s":{"0":1,"1":1,"2":1,"4":123,"5":123,"7":123,"8":123,"9":123,"10":123,"12":123,"14":1,"15":1,"16":1,"17":1,"18":1,"19":1,"20":1,"22":1,"23":1,"24":1,"25":1,"27":1},"branchMap":{"0":{"type":"branch","line":5,"loc":{"start":{"line":5,"column":0},"end":{"line":13,"column":1}},"locations":[{"start":{"line":5,"column":0},"end":{"line":13,"column":1}}]},"1":{"type":"branch","line":6,"loc":{"start":{"line":6,"column":58},"end":{"line":6,"column":73}},"locations":[{"start":{"line":6,"column":58},"end":{"line":6,"column":73}}]}},"b":{"0":[123],"1":[38]},"fnMap":{"0":{"name":"CustomButton","decl":{"start":{"line":5,"column":0},"end":{"line":13,"column":1}},"loc":{"start":{"line":5,"column":0},"end":{"line":13,"column":1}},"line":5}},"f":{"0":123}}
,"/Users/angieroa/Documents/MISO/Modernización/MISW4410-EPorra/frontend/src/components/CustomInput/index.jsx": {"path":"/Users/angieroa/Documents/MISO/Modernización/MISW4410-EPorra/frontend/src/components/CustomInput/index.jsx","all":false,"statementMap":{"0":{"start":{"line":1,"column":0},"end":{"line":1,"column":35}},"1":{"start":{"line":2,"column":0},"end":{"line":2,"column":27}},"3":{"start":{"line":4,"column":0},"end":{"line":4,"column":22}},"4":{"start":{"line":5,"column":0},"end":{"line":5,"column":7}},"5":{"start":{"line":6,"column":0},"end":{"line":6,"column":8}},"6":{"start":{"line":7,"column":0},"end":{"line":7,"column":13}},"7":{"start":{"line":8,"column":0},"end":{"line":8,"column":8}},"8":{"start":{"line":9,"column":0},"end":{"line":9,"column":11}},"9":{"start":{"line":10,"column":0},"end":{"line":10,"column":14}},"10":{"start":{"line":11,"column":0},"end":{"line":11,"column":4}},"11":{"start":{"line":12,"column":0},"end":{"line":12,"column":10}},"12":{"start":{"line":13,"column":0},"end":{"line":13,"column":44}},"13":{"start":{"line":14,"column":0},"end":{"line":14,"column":70}},"14":{"start":{"line":15,"column":0},"end":{"line":15,"column":12}},"15":{"start":{"line":16,"column":0},"end":{"line":16,"column":19}},"16":{"start":{"line":17,"column":0},"end":{"line":17,"column":32}},"17":{"start":{"line":18,"column":0},"end":{"line":18,"column":21}},"18":{"start":{"line":19,"column":0},"end":{"line":19,"column":27}},"19":{"start":{"line":20,"column":0},"end":{"line":20,"column":33}},"20":{"start":{"line":21,"column":0},"end":{"line":21,"column":8}},"21":{"start":{"line":22,"column":0},"end":{"line":22,"column":73}},"22":{"start":{"line":23,"column":0},"end":{"line":23,"column":10}},"24":{"start":{"line":25,"column":0},"end":{"line":25,"column":1}},"26":{"start":{"line":27,"column":0},"end":{"line":27,"column":25}},"27":{"start":{"line":28,"column":0},"end":{"line":28,"column":25}},"28":{"start":{"line":29,"column":0},"end":{"line":29,"column":26}},"29":{"start":{"line":30,"column":0},"end":{"line":30,"column":31}},"30":{"start":{"line":31,"column":0},"end":{"line":31,"column":26}},"31":{"start":{"line":32,"column":0},"end":{"line":32,"column":27}},"32":{"start":{"line":33,"column":0},"end":{"line":33,"column":32}},"33":{"start":{"line":34,"column":0},"end":{"line":34,"column":2}},"35":{"start":{"line":36,"column":0},"end":{"line":36,"column":28}},"36":{"start":{"line":37,"column":0},"end":{"line":37,"column":15}},"37":{"start":{"line":38,"column":0},"end":{"line":38,"column":2}},"39":{"start":{"line":40,"column":0},"end":{"line":40,"column":27}}},"s":{"0":1,"1":1,"3":61,"4":61,"5":61,"6":61,"7":61,"8":61,"9":61,"10":61,"11":61,"12":61,"13":61,"14":61,"15":61,"16":61,"17":61,"18":61,"19":61,"20":61,"21":61,"22":61,"24":61,"26":1,"27":1,"28":1,"29":1,"30":1,"31":1,"32":1,"33":1,"35":1,"36":1,"37":1,"39":1},"branchMap":{"0":{"type":"branch","line":4,"loc":{"start":{"line":4,"column":0},"end":{"line":25,"column":1}},"locations":[{"start":{"line":4,"column":0},"end":{"line":25,"column":1}}]},"1":{"type":"branch","line":22,"loc":{"start":{"line":22,"column":7},"end":{"line":22,"column":73}},"locations":[{"start":{"line":22,"column":7},"end":{"line":22,"column":73}}]}},"b":{"0":[61],"1":[13]},"fnMap":{"0":{"name":"CustomInput","decl":{"start":{"line":4,"column":0},"end":{"line":25,"column":1}},"loc":{"start":{"line":4,"column":0},"end":{"line":25,"column":1}},"line":4}},"f":{"0":61}}
,"/Users/angieroa/Documents/MISO/Modernización/MISW4410-EPorra/frontend/src/components/CustomTable/index.jsx": {"path":"/Users/angieroa/Documents/MISO/Modernización/MISW4410-EPorra/frontend/src/components/CustomTable/index.jsx","all":false,"statementMap":{"0":{"start":{"line":1,"column":0},"end":{"line":1,"column":42}},"1":{"start":{"line":2,"column":0},"end":{"line":2,"column":35}},"2":{"start":{"line":3,"column":0},"end":{"line":3,"column":27}},"4":{"start":{"line":5,"column":0},"end":{"line":5,"column":50}},"5":{"start":{"line":6,"column":0},"end":{"line":6,"column":10}},"6":{"start":{"line":7,"column":0},"end":{"line":7,"column":10}},"7":{"start":{"line":8,"column":0},"end":{"line":8,"column":13}},"8":{"start":{"line":9,"column":0},"end":{"line":9,"column":14}},"9":{"start":{"line":10,"column":0},"end":{"line":10,"column":11}},"10":{"start":{"line":11,"column":0},"end":{"line":11,"column":75}},"12":{"start":{"line":13,"column":0},"end":{"line":13,"column":13}},"13":{"start":{"line":14,"column":0},"end":{"line":14,"column":12}},"14":{"start":{"line":15,"column":0},"end":{"line":15,"column":41}},"15":{"start":{"line":16,"column":0},"end":{"line":16,"column":39}},"16":{"start":{"line":17,"column":0},"end":{"line":17,"column":13}},"17":{"start":{"line":18,"column":0},"end":{"line":18,"column":40}},"18":{"start":{"line":19,"column":0},"end":{"line":19,"column":13}},"19":{"start":{"line":20,"column":0},"end":{"line":20,"column":14}},"20":{"start":{"line":21,"column":0},"end":{"line":21,"column":13}},"21":{"start":{"line":22,"column":0},"end":{"line":22,"column":36}},"22":{"start":{"line":23,"column":0},"end":{"line":23,"column":27}},"23":{"start":{"line":24,"column":0},"end":{"line":24,"column":31}},"24":{"start":{"line":25,"column":0},"end":{"line":25,"column":73}},"25":{"start":{"line":26,"column":0},"end":{"line":26,"column":50}},"26":{"start":{"line":27,"column":0},"end":{"line":27,"column":54}},"27":{"start":{"line":28,"column":0},"end":{"line":28,"column":19}},"28":{"start":{"line":29,"column":0},"end":{"line":29,"column":25}},"29":{"start":{"line":30,"column":0},"end":{"line":30,"column":18}},"30":{"start":{"line":31,"column":0},"end":{"line":31,"column":51}},"31":{"start":{"line":32,"column":0},"end":{"line":32,"column":55}},"32":{"start":{"line":33,"column":0},"end":{"line":33,"column":27}},"33":{"start":{"line":34,"column":0},"end":{"line":34,"column":37}},"34":{"start":{"line":35,"column":0},"end":{"line":35,"column":47}},"35":{"start":{"line":36,"column":0},"end":{"line":36,"column":36}},"36":{"start":{"line":37,"column":0},"end":{"line":37,"column":69}},"38":{"start":{"line":39,"column":0},"end":{"line":39,"column":60}},"40":{"start":{"line":41,"column":0},"end":{"line":41,"column":64}},"41":{"start":{"line":42,"column":0},"end":{"line":42,"column":29}},"42":{"start":{"line":43,"column":0},"end":{"line":43,"column":21}},"43":{"start":{"line":44,"column":0},"end":{"line":44,"column":22}},"44":{"start":{"line":45,"column":0},"end":{"line":45,"column":19}},"46":{"start":{"line":47,"column":0},"end":{"line":47,"column":15}},"47":{"start":{"line":48,"column":0},"end":{"line":48,"column":11}},"48":{"start":{"line":49,"column":0},"end":{"line":49,"column":14}},"49":{"start":{"line":50,"column":0},"end":{"line":50,"column":12}},"51":{"start":{"line":52,"column":0},"end":{"line":52,"column":1}},"53":{"start":{"line":54,"column":0},"end":{"line":54,"column":25}},"54":{"start":{"line":55,"column":0},"end":{"line":55,"column":58}},"55":{"start":{"line":56,"column":0},"end":{"line":56,"column":26}},"56":{"start":{"line":57,"column":0},"end":{"line":57,"column":60}},"57":{"start":{"line":58,"column":0},"end":{"line":58,"column":15}},"58":{"start":{"line":59,"column":0},"end":{"line":59,"column":29}},"59":{"start":{"line":60,"column":0},"end":{"line":60,"column":21}},"60":{"start":{"line":61,"column":0},"end":{"line":61,"column":40}},"61":{"start":{"line":62,"column":0},"end":{"line":62,"column":30}},"62":{"start":{"line":63,"column":0},"end":{"line":63,"column":30}},"63":{"start":{"line":64,"column":0},"end":{"line":64,"column":32}},"64":{"start":{"line":65,"column":0},"end":{"line":65,"column":6}},"65":{"start":{"line":66,"column":0},"end":{"line":66,"column":4}},"66":{"start":{"line":67,"column":0},"end":{"line":67,"column":2}},"68":{"start":{"line":69,"column":0},"end":{"line":69,"column":27}}},"s":{"0":1,"1":1,"2":1,"4":33,"5":33,"6":33,"7":33,"8":33,"9":33,"10":33,"12":33,"13":33,"14":33,"15":51,"16":33,"17":33,"18":33,"19":33,"20":33,"21":33,"22":179,"23":179,"24":169,"25":10,"26":22,"27":10,"28":179,"29":168,"30":168,"31":168,"32":648,"33":648,"34":648,"35":648,"36":1,"38":648,"40":648,"41":648,"42":168,"43":168,"44":168,"46":179,"47":33,"48":33,"49":33,"51":33,"53":1,"54":1,"55":1,"56":1,"57":1,"58":1,"59":1,"60":1,"61":1,"62":1,"63":1,"64":1,"65":1,"66":1,"68":1},"branchMap":{"0":{"type":"branch","line":5,"loc":{"start":{"line":5,"column":0},"end":{"line":52,"column":1}},"locations":[{"start":{"line":5,"column":0},"end":{"line":52,"column":1}}]},"1":{"type":"branch","line":11,"loc":{"start":{"line":11,"column":25},"end":{"line":11,"column":53}},"locations":[{"start":{"line":11,"column":25},"end":{"line":11,"column":53}}]},"2":{"type":"branch","line":11,"loc":{"start":{"line":11,"column":44},"end":{"line":11,"column":70}},"locations":[{"start":{"line":11,"column":44},"end":{"line":11,"column":70}}]},"3":{"type":"branch","line":11,"loc":{"start":{"line":11,"column":53},"end":{"line":11,"column":72}},"locations":[{"start":{"line":11,"column":53},"end":{"line":11,"column":72}}]},"4":{"type":"branch","line":18,"loc":{"start":{"line":18,"column":11},"end":{"line":18,"column":40}},"locations":[{"start":{"line":18,"column":11},"end":{"line":18,"column":40}}]},"5":{"type":"branch","line":15,"loc":{"start":{"line":15,"column":23},"end":{"line":16,"column":39}},"locations":[{"start":{"line":15,"column":23},"end":{"line":16,"column":39}}]},"6":{"type":"branch","line":22,"loc":{"start":{"line":22,"column":18},"end":{"line":47,"column":15}},"locations":[{"start":{"line":22,"column":18},"end":{"line":47,"column":15}}]},"7":{"type":"branch","line":24,"loc":{"start":{"line":24,"column":30},"end":{"line":25,"column":73}},"locations":[{"start":{"line":24,"column":30},"end":{"line":25,"column":73}}]},"8":{"type":"branch","line":25,"loc":{"start":{"line":25,"column":72},"end":{"line":28,"column":19}},"locations":[{"start":{"line":25,"column":72},"end":{"line":28,"column":19}}]},"9":{"type":"branch","line":29,"loc":{"start":{"line":29,"column":13},"end":{"line":45,"column":19}},"locations":[{"start":{"line":29,"column":13},"end":{"line":45,"column":19}}]},"10":{"type":"branch","line":25,"loc":{"start":{"line":25,"column":24},"end":{"line":25,"column":72}},"locations":[{"start":{"line":25,"column":24},"end":{"line":25,"column":72}}]},"11":{"type":"branch","line":26,"loc":{"start":{"line":26,"column":28},"end":{"line":27,"column":54}},"locations":[{"start":{"line":26,"column":28},"end":{"line":27,"column":54}}]},"12":{"type":"branch","line":32,"loc":{"start":{"line":32,"column":31},"end":{"line":42,"column":29}},"locations":[{"start":{"line":32,"column":31},"end":{"line":42,"column":29}}]},"13":{"type":"branch","line":39,"loc":{"start":{"line":39,"column":36},"end":{"line":39,"column":60}},"locations":[{"start":{"line":39,"column":36},"end":{"line":39,"column":60}}]},"14":{"type":"branch","line":36,"loc":{"start":{"line":36,"column":31},"end":{"line":37,"column":69}},"locations":[{"start":{"line":36,"column":31},"end":{"line":37,"column":69}}]}},"b":{"0":[33],"1":[28],"2":[28],"3":[5],"4":[28],"5":[51],"6":[179],"7":[169],"8":[10],"9":[168],"10":[187],"11":[22],"12":[648],"13":[640],"14":[1]},"fnMap":{"0":{"name":"CustomTable","decl":{"start":{"line":5,"column":0},"end":{"line":52,"column":1}},"loc":{"start":{"line":5,"column":0},"end":{"line":52,"column":1}},"line":5},"1":{"name":"onClick","decl":{"start":{"line":36,"column":31},"end":{"line":37,"column":69}},"loc":{"start":{"line":36,"column":31},"end":{"line":37,"column":69}},"line":36}},"f":{"0":33,"1":1}}
,"/Users/angieroa/Documents/MISO/Modernización/MISW4410-EPorra/frontend/src/components/Loading/index.jsx": {"path":"/Users/angieroa/Documents/MISO/Modernización/MISW4410-EPorra/frontend/src/components/Loading/index.jsx","all":false,"statementMap":{"0":{"start":{"line":1,"column":0},"end":{"line":1,"column":26}},"1":{"start":{"line":2,"column":0},"end":{"line":2,"column":46}},"2":{"start":{"line":3,"column":0},"end":{"line":3,"column":23}},"4":{"start":{"line":5,"column":0},"end":{"line":5,"column":23}},"5":{"start":{"line":6,"column":0},"end":{"line":6,"column":10}},"6":{"start":{"line":7,"column":0},"end":{"line":7,"column":70}},"7":{"start":{"line":8,"column":0},"end":{"line":8,"column":46}},"8":{"start":{"line":9,"column":0},"end":{"line":9,"column":10}},"10":{"start":{"line":11,"column":0},"end":{"line":11,"column":2}},"12":{"start":{"line":13,"column":0},"end":{"line":13,"column":23}}},"s":{"0":1,"1":1,"2":1,"4":1,"5":21,"6":21,"7":21,"8":21,"10":21,"12":1},"branchMap":{"0":{"type":"branch","line":5,"loc":{"start":{"line":5,"column":16},"end":{"line":11,"column":2}},"locations":[{"start":{"line":5,"column":16},"end":{"line":11,"column":2}}]}},"b":{"0":[21]},"fnMap":{"0":{"name":"Loading","decl":{"start":{"line":5,"column":16},"end":{"line":11,"column":2}},"loc":{"start":{"line":5,"column":16},"end":{"line":11,"column":2}},"line":5}},"f":{"0":21}}
,"/Users/angieroa/Documents/MISO/Modernización/MISW4410-EPorra/frontend/src/components/SidebarMenu/index.jsx": {"path":"/Users/angieroa/Documents/MISO/Modernización/MISW4410-EPorra/frontend/src/components/SidebarMenu/index.jsx","all":false,"statementMap":{"0":{"start":{"line":1,"column":0},"end":{"line":1,"column":35}},"1":{"start":{"line":2,"column":0},"end":{"line":2,"column":38}},"2":{"start":{"line":3,"column":0},"end":{"line":3,"column":44}},"3":{"start":{"line":4,"column":0},"end":{"line":4,"column":50}},"4":{"start":{"line":5,"column":0},"end":{"line":5,"column":44}},"5":{"start":{"line":6,"column":0},"end":{"line":6,"column":33}},"6":{"start":{"line":7,"column":0},"end":{"line":7,"column":27}},"7":{"start":{"line":8,"column":0},"end":{"line":8,"column":50}},"9":{"start":{"line":10,"column":0},"end":{"line":10,"column":60}},"10":{"start":{"line":11,"column":0},"end":{"line":11,"column":42}},"11":{"start":{"line":12,"column":0},"end":{"line":12,"column":43}},"13":{"start":{"line":14,"column":0},"end":{"line":14,"column":43}},"14":{"start":{"line":15,"column":0},"end":{"line":15,"column":41}},"16":{"start":{"line":17,"column":0},"end":{"line":17,"column":29}},"17":{"start":{"line":18,"column":0},"end":{"line":18,"column":52}},"18":{"start":{"line":19,"column":0},"end":{"line":19,"column":33}},"19":{"start":{"line":20,"column":0},"end":{"line":20,"column":17}},"20":{"start":{"line":21,"column":0},"end":{"line":21,"column":19}},"21":{"start":{"line":22,"column":0},"end":{"line":22,"column":33}},"22":{"start":{"line":23,"column":0},"end":{"line":23,"column":51}},"23":{"start":{"line":24,"column":0},"end":{"line":24,"column":42}},"24":{"start":{"line":25,"column":0},"end":{"line":25,"column":55}},"25":{"start":{"line":26,"column":0},"end":{"line":26,"column":54}},"26":{"start":{"line":27,"column":0},"end":{"line":27,"column":41}},"28":{"start":{"line":29,"column":0},"end":{"line":29,"column":12}},"29":{"start":{"line":30,"column":0},"end":{"line":30,"column":45}},"30":{"start":{"line":31,"column":0},"end":{"line":31,"column":60}},"31":{"start":{"line":32,"column":0},"end":{"line":32,"column":15}},"32":{"start":{"line":33,"column":0},"end":{"line":33,"column":15}},"33":{"start":{"line":34,"column":0},"end":{"line":34,"column":78}},"34":{"start":{"line":35,"column":0},"end":{"line":35,"column":19}},"35":{"start":{"line":36,"column":0},"end":{"line":36,"column":9}},"36":{"start":{"line":37,"column":0},"end":{"line":37,"column":10}},"39":{"start":{"line":40,"column":0},"end":{"line":40,"column":10}},"40":{"start":{"line":41,"column":0},"end":{"line":41,"column":6}},"41":{"start":{"line":42,"column":0},"end":{"line":42,"column":19}},"42":{"start":{"line":43,"column":0},"end":{"line":43,"column":10}},"43":{"start":{"line":44,"column":0},"end":{"line":44,"column":21}},"44":{"start":{"line":45,"column":0},"end":{"line":45,"column":19}},"45":{"start":{"line":46,"column":0},"end":{"line":46,"column":31}},"46":{"start":{"line":47,"column":0},"end":{"line":47,"column":34}},"47":{"start":{"line":48,"column":0},"end":{"line":48,"column":44}},"48":{"start":{"line":49,"column":0},"end":{"line":49,"column":37}},"50":{"start":{"line":51,"column":0},"end":{"line":51,"column":44}},"51":{"start":{"line":52,"column":0},"end":{"line":52,"column":21}},"53":{"start":{"line":54,"column":0},"end":{"line":54,"column":20}},"54":{"start":{"line":55,"column":0},"end":{"line":55,"column":23}},"55":{"start":{"line":56,"column":0},"end":{"line":56,"column":32}},"56":{"start":{"line":57,"column":0},"end":{"line":57,"column":29}},"57":{"start":{"line":58,"column":0},"end":{"line":58,"column":22}},"59":{"start":{"line":60,"column":0},"end":{"line":60,"column":42}},"60":{"start":{"line":61,"column":0},"end":{"line":61,"column":53}},"61":{"start":{"line":62,"column":0},"end":{"line":62,"column":31}},"62":{"start":{"line":63,"column":0},"end":{"line":63,"column":57}},"63":{"start":{"line":64,"column":0},"end":{"line":64,"column":29}},"64":{"start":{"line":65,"column":0},"end":{"line":65,"column":29}},"65":{"start":{"line":66,"column":0},"end":{"line":66,"column":22}},"66":{"start":{"line":67,"column":0},"end":{"line":67,"column":11}},"68":{"start":{"line":69,"column":0},"end":{"line":69,"column":15}},"69":{"start":{"line":70,"column":0},"end":{"line":70,"column":20}},"70":{"start":{"line":71,"column":0},"end":{"line":71,"column":36}},"71":{"start":{"line":72,"column":0},"end":{"line":72,"column":38}},"73":{"start":{"line":74,"column":0},"end":{"line":74,"column":71}},"74":{"start":{"line":75,"column":0},"end":{"line":75,"column":17}},"76":{"start":{"line":77,"column":0},"end":{"line":77,"column":7}},"78":{"start":{"line":79,"column":0},"end":{"line":79,"column":1}},"80":{"start":{"line":81,"column":0},"end":{"line":81,"column":25}},"81":{"start":{"line":82,"column":0},"end":{"line":82,"column":27}},"82":{"start":{"line":83,"column":0},"end":{"line":83,"column":21}},"83":{"start":{"line":84,"column":0},"end":{"line":84,"column":40}},"84":{"start":{"line":85,"column":0},"end":{"line":85,"column":29}},"85":{"start":{"line":86,"column":0},"end":{"line":86,"column":29}},"86":{"start":{"line":87,"column":0},"end":{"line":87,"column":6}},"87":{"start":{"line":88,"column":0},"end":{"line":88,"column":15}},"88":{"start":{"line":89,"column":0},"end":{"line":89,"column":32}},"89":{"start":{"line":90,"column":0},"end":{"line":90,"column":27}},"90":{"start":{"line":91,"column":0},"end":{"line":91,"column":2}},"92":{"start":{"line":93,"column":0},"end":{"line":93,"column":27}}},"s":{"0":1,"1":1,"2":1,"3":1,"4":1,"5":1,"6":1,"7":1,"9":30,"10":30,"11":30,"13":30,"14":30,"16":30,"17":30,"18":30,"19":80,"20":80,"21":80,"22":80,"23":80,"24":80,"25":80,"26":80,"28":80,"29":80,"30":80,"31":80,"32":80,"33":80,"34":80,"35":30,"36":30,"39":30,"40":30,"41":30,"42":14,"43":14,"44":9,"45":9,"46":9,"47":9,"48":9,"50":9,"51":9,"53":14,"54":14,"55":14,"56":14,"57":14,"59":14,"60":14,"61":14,"62":14,"63":14,"64":14,"65":14,"66":14,"68":16,"69":16,"70":16,"71":16,"73":16,"74":16,"76":30,"78":30,"80":1,"81":1,"82":1,"83":1,"84":1,"85":1,"86":1,"87":1,"88":1,"89":1,"90":1,"92":1},"branchMap":{"0":{"type":"branch","line":10,"loc":{"start":{"line":10,"column":0},"end":{"line":79,"column":1}},"locations":[{"start":{"line":10,"column":0},"end":{"line":79,"column":1}}]},"1":{"type":"branch","line":42,"loc":{"start":{"line":42,"column":7},"end":{"line":67,"column":11}},"locations":[{"start":{"line":42,"column":7},"end":{"line":67,"column":11}}]},"2":{"type":"branch","line":44,"loc":{"start":{"line":44,"column":12},"end":{"line":52,"column":21}},"locations":[{"start":{"line":44,"column":12},"end":{"line":52,"column":21}}]},"3":{"type":"branch","line":67,"loc":{"start":{"line":67,"column":8},"end":{"line":75,"column":17}},"locations":[{"start":{"line":67,"column":8},"end":{"line":75,"column":17}}]},"4":{"type":"branch","line":14,"loc":{"start":{"line":14,"column":22},"end":{"line":14,"column":43}},"locations":[{"start":{"line":14,"column":22},"end":{"line":14,"column":43}}]},"5":{"type":"branch","line":15,"loc":{"start":{"line":15,"column":21},"end":{"line":15,"column":41}},"locations":[{"start":{"line":15,"column":21},"end":{"line":15,"column":41}}]},"6":{"type":"branch","line":17,"loc":{"start":{"line":17,"column":22},"end":{"line":37,"column":10}},"locations":[{"start":{"line":17,"column":22},"end":{"line":37,"column":10}}]},"7":{"type":"branch","line":19,"loc":{"start":{"line":19,"column":17},"end":{"line":35,"column":19}},"locations":[{"start":{"line":19,"column":17},"end":{"line":35,"column":19}}]},"8":{"type":"branch","line":22,"loc":{"start":{"line":22,"column":21},"end":{"line":22,"column":33}},"locations":[{"start":{"line":22,"column":21},"end":{"line":22,"column":33}}]},"9":{"type":"branch","line":25,"loc":{"start":{"line":25,"column":20},"end":{"line":25,"column":45}},"locations":[{"start":{"line":25,"column":20},"end":{"line":25,"column":45}}]},"10":{"type":"branch","line":25,"loc":{"start":{"line":25,"column":34},"end":{"line":25,"column":55}},"locations":[{"start":{"line":25,"column":34},"end":{"line":25,"column":55}}]},"11":{"type":"branch","line":26,"loc":{"start":{"line":26,"column":13},"end":{"line":26,"column":49}},"locations":[{"start":{"line":26,"column":13},"end":{"line":26,"column":49}}]},"12":{"type":"branch","line":26,"loc":{"start":{"line":26,"column":24},"end":{"line":26,"column":51}},"locations":[{"start":{"line":26,"column":24},"end":{"line":26,"column":51}}]},"13":{"type":"branch","line":31,"loc":{"start":{"line":31,"column":22},"end":{"line":31,"column":58}},"locations":[{"start":{"line":31,"column":22},"end":{"line":31,"column":58}}]},"14":{"type":"branch","line":31,"loc":{"start":{"line":31,"column":36},"end":{"line":31,"column":60}},"locations":[{"start":{"line":31,"column":36},"end":{"line":31,"column":60}}]},"15":{"type":"branch","line":34,"loc":{"start":{"line":34,"column":11},"end":{"line":34,"column":78}},"locations":[{"start":{"line":34,"column":11},"end":{"line":34,"column":78}}]},"16":{"type":"branch","line":23,"loc":{"start":{"line":23,"column":19},"end":{"line":23,"column":51}},"locations":[{"start":{"line":23,"column":19},"end":{"line":23,"column":51}}]}},"b":{"0":[30],"1":[14],"2":[9],"3":[16],"4":[1],"5":[5],"6":[30],"7":[80],"8":[0],"9":[30],"10":[50],"11":[42],"12":[38],"13":[30],"14":[50],"15":[42],"16":[4]},"fnMap":{"0":{"name":"SidebarMenu","decl":{"start":{"line":10,"column":0},"end":{"line":79,"column":1}},"loc":{"start":{"line":10,"column":0},"end":{"line":79,"column":1}},"line":10},"1":{"name":"handleClose","decl":{"start":{"line":14,"column":22},"end":{"line":14,"column":43}},"loc":{"start":{"line":14,"column":22},"end":{"line":14,"column":43}},"line":14},"2":{"name":"handleShow","decl":{"start":{"line":15,"column":21},"end":{"line":15,"column":41}},"loc":{"start":{"line":15,"column":21},"end":{"line":15,"column":41}},"line":15},"3":{"name":"renderItems","decl":{"start":{"line":17,"column":22},"end":{"line":37,"column":10}},"loc":{"start":{"line":17,"column":22},"end":{"line":37,"column":10}},"line":17},"4":{"name":"onClick","decl":{"start":{"line":23,"column":19},"end":{"line":23,"column":51}},"loc":{"start":{"line":23,"column":19},"end":{"line":23,"column":51}},"line":23}},"f":{"0":30,"1":1,"2":5,"3":30,"4":4}}
,"/Users/angieroa/Documents/MISO/Modernización/MISW4410-EPorra/frontend/src/hooks/useNavigation.js": {"path":"/Users/angieroa/Documents/MISO/Modernización/MISW4410-EPorra/frontend/src/hooks/useNavigation.js","all":false,"statementMap":{"0":{"start":{"line":1,"column":0},"end":{"line":1,"column":76}},"1":{"start":{"line":2,"column":0},"end":{"line":2,"column":75}},"3":{"start":{"line":4,"column":0},"end":{"line":4,"column":36}},"4":{"start":{"line":5,"column":0},"end":{"line":5,"column":50}},"5":{"start":{"line":6,"column":0},"end":{"line":6,"column":33}},"7":{"start":{"line":8,"column":0},"end":{"line":8,"column":28}},"8":{"start":{"line":9,"column":0},"end":{"line":9,"column":11}},"9":{"start":{"line":10,"column":0},"end":{"line":10,"column":61}},"10":{"start":{"line":11,"column":0},"end":{"line":11,"column":75}},"11":{"start":{"line":12,"column":0},"end":{"line":12,"column":6}},"12":{"start":{"line":13,"column":0},"end":{"line":13,"column":6}},"13":{"start":{"line":14,"column":0},"end":{"line":14,"column":4}},"15":{"start":{"line":16,"column":0},"end":{"line":16,"column":19}},"16":{"start":{"line":17,"column":0},"end":{"line":17,"column":45}},"17":{"start":{"line":18,"column":0},"end":{"line":18,"column":47}},"18":{"start":{"line":19,"column":0},"end":{"line":19,"column":6}},"19":{"start":{"line":20,"column":0},"end":{"line":20,"column":30}},"20":{"start":{"line":21,"column":0},"end":{"line":21,"column":34}},"21":{"start":{"line":22,"column":0},"end":{"line":22,"column":5}},"22":{"start":{"line":23,"column":0},"end":{"line":23,"column":37}},"24":{"start":{"line":25,"column":0},"end":{"line":25,"column":37}},"25":{"start":{"line":26,"column":0},"end":{"line":26,"column":23}},"26":{"start":{"line":27,"column":0},"end":{"line":27,"column":38}},"27":{"start":{"line":28,"column":0},"end":{"line":28,"column":49}},"28":{"start":{"line":29,"column":0},"end":{"line":29,"column":5}},"29":{"start":{"line":30,"column":0},"end":{"line":30,"column":4}},"31":{"start":{"line":32,"column":0},"end":{"line":32,"column":10}},"32":{"start":{"line":33,"column":0},"end":{"line":33,"column":14}},"33":{"start":{"line":34,"column":0},"end":{"line":34,"column":15}},"34":{"start":{"line":35,"column":0},"end":{"line":35,"column":21}},"35":{"start":{"line":36,"column":0},"end":{"line":36,"column":4}},"36":{"start":{"line":37,"column":0},"end":{"line":37,"column":2}}},"s":{"0":1,"1":1,"3":1,"4":20,"5":20,"7":20,"8":20,"9":16,"10":16,"11":20,"12":20,"13":20,"15":20,"16":16,"17":16,"18":16,"19":16,"20":16,"21":16,"22":20,"24":20,"25":4,"26":4,"27":4,"28":4,"29":20,"31":20,"32":20,"33":20,"34":20,"35":20,"36":20},"branchMap":{"0":{"type":"branch","line":4,"loc":{"start":{"line":4,"column":29},"end":{"line":37,"column":2}},"locations":[{"start":{"line":4,"column":29},"end":{"line":37,"column":2}}]},"1":{"type":"branch","line":9,"loc":{"start":{"line":9,"column":4},"end":{"line":12,"column":5}},"locations":[{"start":{"line":9,"column":4},"end":{"line":12,"column":5}}]},"2":{"type":"branch","line":16,"loc":{"start":{"line":16,"column":12},"end":{"line":23,"column":3}},"locations":[{"start":{"line":16,"column":12},"end":{"line":23,"column":3}}]},"3":{"type":"branch","line":18,"loc":{"start":{"line":18,"column":6},"end":{"line":18,"column":47}},"locations":[{"start":{"line":18,"column":6},"end":{"line":18,"column":47}}]},"4":{"type":"branch","line":25,"loc":{"start":{"line":25,"column":27},"end":{"line":30,"column":3}},"locations":[{"start":{"line":25,"column":27},"end":{"line":30,"column":3}}]}},"b":{"0":[20],"1":[16],"2":[16],"3":[16],"4":[4]},"fnMap":{"0":{"name":"useNavigation","decl":{"start":{"line":4,"column":29},"end":{"line":37,"column":2}},"loc":{"start":{"line":4,"column":29},"end":{"line":37,"column":2}},"line":4},"1":{"name":"handleMenuSelect","decl":{"start":{"line":25,"column":27},"end":{"line":30,"column":3}},"loc":{"start":{"line":25,"column":27},"end":{"line":30,"column":3}},"line":25}},"f":{"0":20,"1":4}}
,"/Users/angieroa/Documents/MISO/Modernización/MISW4410-EPorra/frontend/src/pages/RaceCreate/index.jsx": {"path":"/Users/angieroa/Documents/MISO/Modernización/MISW4410-EPorra/frontend/src/pages/RaceCreate/index.jsx","all":false,"statementMap":{"0":{"start":{"line":1,"column":0},"end":{"line":1,"column":26}},"1":{"start":{"line":2,"column":0},"end":{"line":2,"column":55}},"2":{"start":{"line":3,"column":0},"end":{"line":3,"column":47}},"3":{"start":{"line":4,"column":0},"end":{"line":4,"column":57}},"4":{"start":{"line":5,"column":0},"end":{"line":5,"column":47}},"6":{"start":{"line":7,"column":0},"end":{"line":7,"column":33}},"7":{"start":{"line":8,"column":0},"end":{"line":8,"column":26}},"8":{"start":{"line":9,"column":0},"end":{"line":9,"column":53}},"10":{"start":{"line":11,"column":0},"end":{"line":11,"column":23}},"11":{"start":{"line":12,"column":0},"end":{"line":12,"column":33}},"12":{"start":{"line":13,"column":0},"end":{"line":13,"column":47}},"13":{"start":{"line":14,"column":0},"end":{"line":14,"column":53}},"15":{"start":{"line":16,"column":0},"end":{"line":16,"column":30}},"16":{"start":{"line":17,"column":0},"end":{"line":17,"column":32}},"17":{"start":{"line":18,"column":0},"end":{"line":18,"column":4}},"19":{"start":{"line":20,"column":0},"end":{"line":20,"column":36}},"20":{"start":{"line":21,"column":0},"end":{"line":21,"column":25}},"21":{"start":{"line":22,"column":0},"end":{"line":22,"column":4}},"23":{"start":{"line":24,"column":0},"end":{"line":24,"column":29}},"24":{"start":{"line":25,"column":0},"end":{"line":25,"column":27}},"25":{"start":{"line":26,"column":0},"end":{"line":26,"column":19}},"26":{"start":{"line":27,"column":0},"end":{"line":27,"column":5}},"28":{"start":{"line":29,"column":0},"end":{"line":29,"column":35}},"29":{"start":{"line":30,"column":0},"end":{"line":30,"column":19}},"30":{"start":{"line":31,"column":0},"end":{"line":31,"column":5}},"32":{"start":{"line":33,"column":0},"end":{"line":33,"column":70}},"33":{"start":{"line":34,"column":0},"end":{"line":34,"column":71}},"34":{"start":{"line":35,"column":0},"end":{"line":35,"column":31}},"35":{"start":{"line":36,"column":0},"end":{"line":36,"column":10}},"37":{"start":{"line":38,"column":0},"end":{"line":38,"column":34}},"38":{"start":{"line":39,"column":0},"end":{"line":39,"column":4}},"40":{"start":{"line":41,"column":0},"end":{"line":41,"column":34}},"41":{"start":{"line":42,"column":0},"end":{"line":42,"column":50}},"42":{"start":{"line":43,"column":0},"end":{"line":43,"column":32}},"43":{"start":{"line":44,"column":0},"end":{"line":44,"column":51}},"44":{"start":{"line":45,"column":0},"end":{"line":45,"column":8}},"45":{"start":{"line":46,"column":0},"end":{"line":46,"column":9}},"46":{"start":{"line":47,"column":0},"end":{"line":47,"column":51}},"47":{"start":{"line":48,"column":0},"end":{"line":48,"column":25}},"48":{"start":{"line":49,"column":0},"end":{"line":49,"column":35}},"49":{"start":{"line":50,"column":0},"end":{"line":50,"column":9}},"50":{"start":{"line":51,"column":0},"end":{"line":51,"column":20}},"51":{"start":{"line":52,"column":0},"end":{"line":52,"column":21}},"52":{"start":{"line":53,"column":0},"end":{"line":53,"column":27}},"53":{"start":{"line":54,"column":0},"end":{"line":54,"column":5}},"54":{"start":{"line":55,"column":0},"end":{"line":55,"column":4}},"56":{"start":{"line":57,"column":0},"end":{"line":57,"column":28}},"57":{"start":{"line":58,"column":0},"end":{"line":58,"column":17}},"58":{"start":{"line":59,"column":0},"end":{"line":59,"column":4}},"60":{"start":{"line":61,"column":0},"end":{"line":61,"column":10}},"61":{"start":{"line":62,"column":0},"end":{"line":62,"column":33}},"62":{"start":{"line":63,"column":0},"end":{"line":63,"column":51}},"63":{"start":{"line":64,"column":0},"end":{"line":64,"column":44}},"64":{"start":{"line":65,"column":0},"end":{"line":65,"column":23}},"65":{"start":{"line":66,"column":0},"end":{"line":66,"column":40}},"66":{"start":{"line":67,"column":0},"end":{"line":67,"column":41}},"67":{"start":{"line":68,"column":0},"end":{"line":68,"column":31}},"69":{"start":{"line":70,"column":0},"end":{"line":70,"column":44}},"70":{"start":{"line":71,"column":0},"end":{"line":71,"column":25}},"71":{"start":{"line":72,"column":0},"end":{"line":72,"column":66}},"72":{"start":{"line":73,"column":0},"end":{"line":73,"column":14}},"73":{"start":{"line":74,"column":0},"end":{"line":74,"column":12}},"74":{"start":{"line":75,"column":0},"end":{"line":75,"column":49}},"77":{"start":{"line":78,"column":0},"end":{"line":78,"column":10}},"78":{"start":{"line":79,"column":0},"end":{"line":79,"column":45}},"79":{"start":{"line":80,"column":0},"end":{"line":80,"column":20}},"80":{"start":{"line":81,"column":0},"end":{"line":81,"column":21}},"81":{"start":{"line":82,"column":0},"end":{"line":82,"column":38}},"82":{"start":{"line":83,"column":0},"end":{"line":83,"column":26}},"83":{"start":{"line":84,"column":0},"end":{"line":84,"column":32}},"84":{"start":{"line":85,"column":0},"end":{"line":85,"column":49}},"85":{"start":{"line":86,"column":0},"end":{"line":86,"column":60}},"86":{"start":{"line":87,"column":0},"end":{"line":87,"column":10}},"88":{"start":{"line":89,"column":0},"end":{"line":89,"column":16}},"89":{"start":{"line":90,"column":0},"end":{"line":90,"column":38}},"90":{"start":{"line":91,"column":0},"end":{"line":91,"column":29}},"91":{"start":{"line":92,"column":0},"end":{"line":92,"column":36}},"92":{"start":{"line":93,"column":0},"end":{"line":93,"column":31}},"93":{"start":{"line":94,"column":0},"end":{"line":94,"column":34}},"94":{"start":{"line":95,"column":0},"end":{"line":95,"column":39}},"95":{"start":{"line":96,"column":0},"end":{"line":96,"column":10}},"97":{"start":{"line":98,"column":0},"end":{"line":98,"column":21}},"98":{"start":{"line":99,"column":0},"end":{"line":99,"column":30}},"99":{"start":{"line":100,"column":0},"end":{"line":100,"column":27}},"100":{"start":{"line":101,"column":0},"end":{"line":101,"column":35}},"101":{"start":{"line":102,"column":0},"end":{"line":102,"column":9}},"103":{"start":{"line":104,"column":0},"end":{"line":104,"column":23}},"104":{"start":{"line":105,"column":0},"end":{"line":105,"column":12}},"105":{"start":{"line":106,"column":0},"end":{"line":106,"column":10}},"107":{"start":{"line":108,"column":0},"end":{"line":108,"column":1}},"109":{"start":{"line":110,"column":0},"end":{"line":110,"column":26}}},"s":{"0":1,"1":1,"2":1,"3":1,"4":1,"6":1,"7":1,"8":1,"10":12,"11":12,"12":12,"13":12,"15":12,"16":3,"17":3,"19":12,"20":3,"21":3,"23":12,"24":12,"25":5,"26":5,"28":12,"29":3,"30":3,"32":4,"33":4,"34":4,"35":4,"37":4,"38":12,"40":12,"41":2,"42":2,"43":2,"44":2,"45":2,"46":2,"47":2,"48":2,"49":2,"50":1,"51":1,"52":1,"53":1,"54":2,"56":12,"57":2,"58":2,"60":12,"61":12,"62":12,"63":12,"64":12,"65":12,"66":12,"67":12,"69":12,"70":12,"71":12,"72":12,"73":12,"74":12,"77":12,"78":12,"79":12,"80":12,"81":12,"82":12,"83":12,"84":12,"85":12,"86":12,"88":12,"89":12,"90":12,"91":12,"92":12,"93":12,"94":12,"95":12,"97":12,"98":12,"99":12,"100":12,"101":12,"103":12,"104":12,"105":12,"107":12,"109":1},"branchMap":{"0":{"type":"branch","line":11,"loc":{"start":{"line":11,"column":0},"end":{"line":108,"column":1}},"locations":[{"start":{"line":11,"column":0},"end":{"line":108,"column":1}}]},"1":{"type":"branch","line":16,"loc":{"start":{"line":16,"column":22},"end":{"line":18,"column":4}},"locations":[{"start":{"line":16,"column":22},"end":{"line":18,"column":4}}]},"2":{"type":"branch","line":20,"loc":{"start":{"line":20,"column":25},"end":{"line":22,"column":4}},"locations":[{"start":{"line":20,"column":25},"end":{"line":22,"column":4}}]},"3":{"type":"branch","line":24,"loc":{"start":{"line":24,"column":22},"end":{"line":39,"column":4}},"locations":[{"start":{"line":24,"column":22},"end":{"line":39,"column":4}}]},"4":{"type":"branch","line":25,"loc":{"start":{"line":25,"column":26},"end":{"line":27,"column":5}},"locations":[{"start":{"line":25,"column":26},"end":{"line":27,"column":5}}]},"5":{"type":"branch","line":27,"loc":{"start":{"line":27,"column":4},"end":{"line":29,"column":34}},"locations":[{"start":{"line":27,"column":4},"end":{"line":29,"column":34}}]},"6":{"type":"branch","line":29,"loc":{"start":{"line":29,"column":34},"end":{"line":31,"column":5}},"locations":[{"start":{"line":29,"column":34},"end":{"line":31,"column":5}}]},"7":{"type":"branch","line":31,"loc":{"start":{"line":31,"column":4},"end":{"line":38,"column":34}},"locations":[{"start":{"line":31,"column":4},"end":{"line":38,"column":34}}]},"8":{"type":"branch","line":33,"loc":{"start":{"line":33,"column":48},"end":{"line":36,"column":7}},"locations":[{"start":{"line":33,"column":48},"end":{"line":36,"column":7}}]},"9":{"type":"branch","line":34,"loc":{"start":{"line":34,"column":64},"end":{"line":34,"column":71}},"locations":[{"start":{"line":34,"column":64},"end":{"line":34,"column":71}}]},"10":{"type":"branch","line":41,"loc":{"start":{"line":41,"column":21},"end":{"line":55,"column":4}},"locations":[{"start":{"line":41,"column":21},"end":{"line":55,"column":4}}]},"11":{"type":"branch","line":50,"loc":{"start":{"line":50,"column":7},"end":{"line":54,"column":5}},"locations":[{"start":{"line":50,"column":7},"end":{"line":54,"column":5}}]},"12":{"type":"branch","line":42,"loc":{"start":{"line":42,"column":41},"end":{"line":45,"column":6}},"locations":[{"start":{"line":42,"column":41},"end":{"line":45,"column":6}}]},"13":{"type":"branch","line":57,"loc":{"start":{"line":57,"column":21},"end":{"line":59,"column":4}},"locations":[{"start":{"line":57,"column":21},"end":{"line":59,"column":4}}]}},"b":{"0":[12],"1":[3],"2":[3],"3":[12],"4":[5],"5":[7],"6":[3],"7":[4],"8":[4],"9":[0],"10":[2],"11":[1],"12":[2],"13":[2]},"fnMap":{"0":{"name":"RaceCreate","decl":{"start":{"line":11,"column":0},"end":{"line":108,"column":1}},"loc":{"start":{"line":11,"column":0},"end":{"line":108,"column":1}},"line":11},"1":{"name":"getNameRace","decl":{"start":{"line":16,"column":22},"end":{"line":18,"column":4}},"loc":{"start":{"line":16,"column":22},"end":{"line":18,"column":4}},"line":16},"2":{"name":"getCompetitors","decl":{"start":{"line":20,"column":25},"end":{"line":22,"column":4}},"loc":{"start":{"line":20,"column":25},"end":{"line":22,"column":4}},"line":20},"3":{"name":"isFormValid","decl":{"start":{"line":24,"column":22},"end":{"line":39,"column":4}},"loc":{"start":{"line":24,"column":22},"end":{"line":39,"column":4}},"line":24},"4":{"name":"createRace","decl":{"start":{"line":41,"column":21},"end":{"line":55,"column":4}},"loc":{"start":{"line":41,"column":21},"end":{"line":55,"column":4}},"line":41},"5":{"name":"handleSave","decl":{"start":{"line":57,"column":21},"end":{"line":59,"column":4}},"loc":{"start":{"line":57,"column":21},"end":{"line":59,"column":4}},"line":57},"6":{"name":"onClick","decl":{"start":{"line":67,"column":21},"end":{"line":67,"column":41}},"loc":{"start":{"line":67,"column":21},"end":{"line":67,"column":41}},"line":67}},"f":{"0":12,"1":3,"2":3,"3":12,"4":2,"5":2,"6":0}}
,"/Users/angieroa/Documents/MISO/Modernización/MISW4410-EPorra/frontend/src/pages/RaceList/index.jsx": {"path":"/Users/angieroa/Documents/MISO/Modernización/MISW4410-EPorra/frontend/src/pages/RaceList/index.jsx","all":false,"statementMap":{"0":{"start":{"line":1,"column":0},"end":{"line":1,"column":55}},"1":{"start":{"line":2,"column":0},"end":{"line":2,"column":57}},"2":{"start":{"line":3,"column":0},"end":{"line":3,"column":24}},"3":{"start":{"line":4,"column":0},"end":{"line":4,"column":47}},"4":{"start":{"line":5,"column":0},"end":{"line":5,"column":57}},"5":{"start":{"line":6,"column":0},"end":{"line":6,"column":26}},"6":{"start":{"line":7,"column":0},"end":{"line":7,"column":47}},"8":{"start":{"line":9,"column":0},"end":{"line":9,"column":21}},"9":{"start":{"line":10,"column":0},"end":{"line":10,"column":55}},"10":{"start":{"line":11,"column":0},"end":{"line":11,"column":33}},"11":{"start":{"line":12,"column":0},"end":{"line":12,"column":30}},"12":{"start":{"line":13,"column":0},"end":{"line":13,"column":39}},"13":{"start":{"line":14,"column":0},"end":{"line":14,"column":47}},"15":{"start":{"line":16,"column":0},"end":{"line":16,"column":19}},"16":{"start":{"line":17,"column":0},"end":{"line":17,"column":23}},"17":{"start":{"line":18,"column":0},"end":{"line":18,"column":20}},"18":{"start":{"line":19,"column":0},"end":{"line":19,"column":30}},"19":{"start":{"line":20,"column":0},"end":{"line":20,"column":22}},"20":{"start":{"line":21,"column":0},"end":{"line":21,"column":4}},"22":{"start":{"line":23,"column":0},"end":{"line":23,"column":41}},"23":{"start":{"line":24,"column":0},"end":{"line":24,"column":21}},"24":{"start":{"line":25,"column":0},"end":{"line":25,"column":9}},"25":{"start":{"line":26,"column":0},"end":{"line":26,"column":37}},"26":{"start":{"line":27,"column":0},"end":{"line":27,"column":27}},"27":{"start":{"line":28,"column":0},"end":{"line":28,"column":50}},"28":{"start":{"line":29,"column":0},"end":{"line":29,"column":73}},"29":{"start":{"line":30,"column":0},"end":{"line":30,"column":30}},"30":{"start":{"line":31,"column":0},"end":{"line":31,"column":8}},"31":{"start":{"line":32,"column":0},"end":{"line":32,"column":25}},"32":{"start":{"line":33,"column":0},"end":{"line":33,"column":29}},"33":{"start":{"line":34,"column":0},"end":{"line":34,"column":8}},"34":{"start":{"line":35,"column":0},"end":{"line":35,"column":22}},"35":{"start":{"line":36,"column":0},"end":{"line":36,"column":26}},"36":{"start":{"line":37,"column":0},"end":{"line":37,"column":9}},"37":{"start":{"line":38,"column":0},"end":{"line":38,"column":20}},"39":{"start":{"line":40,"column":0},"end":{"line":40,"column":19}},"40":{"start":{"line":41,"column":0},"end":{"line":41,"column":18}},"41":{"start":{"line":42,"column":0},"end":{"line":42,"column":20}},"43":{"start":{"line":44,"column":0},"end":{"line":44,"column":20}},"44":{"start":{"line":45,"column":0},"end":{"line":45,"column":29}},"45":{"start":{"line":46,"column":0},"end":{"line":46,"column":17}},"46":{"start":{"line":47,"column":0},"end":{"line":47,"column":10}},"48":{"start":{"line":49,"column":0},"end":{"line":49,"column":33}},"49":{"start":{"line":50,"column":0},"end":{"line":50,"column":44}},"50":{"start":{"line":51,"column":0},"end":{"line":51,"column":68}},"51":{"start":{"line":52,"column":0},"end":{"line":52,"column":43}},"53":{"start":{"line":54,"column":0},"end":{"line":54,"column":12}},"54":{"start":{"line":55,"column":0},"end":{"line":55,"column":12}},"55":{"start":{"line":56,"column":0},"end":{"line":56,"column":36}},"56":{"start":{"line":57,"column":0},"end":{"line":57,"column":39}},"57":{"start":{"line":58,"column":0},"end":{"line":58,"column":68}},"58":{"start":{"line":59,"column":0},"end":{"line":59,"column":76}},"60":{"start":{"line":61,"column":0},"end":{"line":61,"column":23}},"61":{"start":{"line":62,"column":0},"end":{"line":62,"column":12}},"62":{"start":{"line":63,"column":0},"end":{"line":63,"column":65}},"63":{"start":{"line":64,"column":0},"end":{"line":64,"column":30}},"64":{"start":{"line":65,"column":0},"end":{"line":65,"column":43}},"66":{"start":{"line":67,"column":0},"end":{"line":67,"column":16}},"68":{"start":{"line":69,"column":0},"end":{"line":69,"column":73}},"70":{"start":{"line":71,"column":0},"end":{"line":71,"column":12}},"71":{"start":{"line":72,"column":0},"end":{"line":72,"column":10}},"73":{"start":{"line":74,"column":0},"end":{"line":74,"column":1}},"75":{"start":{"line":76,"column":0},"end":{"line":76,"column":24}}},"s":{"0":1,"1":1,"2":1,"3":1,"4":1,"5":1,"6":1,"8":42,"9":42,"10":42,"11":42,"12":42,"13":42,"15":42,"16":42,"17":42,"18":42,"19":42,"20":42,"22":42,"23":20,"24":20,"25":20,"26":20,"27":19,"28":19,"29":19,"30":20,"31":20,"32":1,"33":20,"34":20,"35":20,"36":20,"37":42,"39":42,"40":20,"41":42,"43":42,"44":20,"45":20,"46":20,"48":22,"49":22,"50":22,"51":22,"53":22,"54":22,"55":22,"56":22,"57":22,"58":22,"60":22,"61":22,"62":22,"63":22,"64":2,"66":2,"68":20,"70":22,"71":22,"73":42,"75":1},"branchMap":{"0":{"type":"branch","line":9,"loc":{"start":{"line":9,"column":0},"end":{"line":74,"column":1}},"locations":[{"start":{"line":9,"column":0},"end":{"line":74,"column":1}}]},"1":{"type":"branch","line":44,"loc":{"start":{"line":44,"column":9},"end":{"line":47,"column":10}},"locations":[{"start":{"line":44,"column":9},"end":{"line":47,"column":10}}]},"2":{"type":"branch","line":47,"loc":{"start":{"line":47,"column":4},"end":{"line":72,"column":10}},"locations":[{"start":{"line":47,"column":4},"end":{"line":72,"column":10}}]},"3":{"type":"branch","line":64,"loc":{"start":{"line":64,"column":25},"end":{"line":67,"column":16}},"locations":[{"start":{"line":64,"column":25},"end":{"line":67,"column":16}}]},"4":{"type":"branch","line":67,"loc":{"start":{"line":67,"column":10},"end":{"line":69,"column":73}},"locations":[{"start":{"line":67,"column":10},"end":{"line":69,"column":73}}]},"5":{"type":"branch","line":23,"loc":{"start":{"line":23,"column":34},"end":{"line":38,"column":5}},"locations":[{"start":{"line":23,"column":34},"end":{"line":38,"column":5}}]},"6":{"type":"branch","line":27,"loc":{"start":{"line":27,"column":12},"end":{"line":31,"column":7}},"locations":[{"start":{"line":27,"column":12},"end":{"line":31,"column":7}}]},"7":{"type":"branch","line":28,"loc":{"start":{"line":28,"column":39},"end":{"line":28,"column":50}},"locations":[{"start":{"line":28,"column":39},"end":{"line":28,"column":50}}]},"8":{"type":"branch","line":29,"loc":{"start":{"line":29,"column":42},"end":{"line":29,"column":71}},"locations":[{"start":{"line":29,"column":42},"end":{"line":29,"column":71}}]},"9":{"type":"branch","line":32,"loc":{"start":{"line":32,"column":13},"end":{"line":34,"column":7}},"locations":[{"start":{"line":32,"column":13},"end":{"line":34,"column":7}}]},"10":{"type":"branch","line":35,"loc":{"start":{"line":35,"column":15},"end":{"line":37,"column":7}},"locations":[{"start":{"line":35,"column":15},"end":{"line":37,"column":7}}]},"11":{"type":"branch","line":40,"loc":{"start":{"line":40,"column":12},"end":{"line":42,"column":5}},"locations":[{"start":{"line":40,"column":12},"end":{"line":42,"column":5}}]},"12":{"type":"branch","line":59,"loc":{"start":{"line":59,"column":31},"end":{"line":59,"column":58}},"locations":[{"start":{"line":59,"column":31},"end":{"line":59,"column":58}}]}},"b":{"0":[42],"1":[20],"2":[22],"3":[2],"4":[20],"5":[20],"6":[19],"7":[0],"8":[144],"9":[1],"10":[20],"11":[20],"12":[1]},"fnMap":{"0":{"name":"RaceList","decl":{"start":{"line":9,"column":0},"end":{"line":74,"column":1}},"loc":{"start":{"line":9,"column":0},"end":{"line":74,"column":1}},"line":9},"1":{"name":"onClick","decl":{"start":{"line":59,"column":31},"end":{"line":59,"column":58}},"loc":{"start":{"line":59,"column":31},"end":{"line":59,"column":58}},"line":59}},"f":{"0":42,"1":1}}
}
